Looking in links: /cvmfs/soft.computecanada.ca/custom/python/wheelhouse/gentoo/avx2, /cvmfs/soft.computecanada.ca/custom/python/wheelhouse/gentoo/generic, /cvmfs/soft.computecanada.ca/custom/python/wheelhouse/generic
Requirement already satisfied: easymore in /home/calbano/easymore-env/lib/python3.8/site-packages (1.0.0+computecanada)
Requirement already satisfied: datetime in /home/calbano/easymore-env/lib/python3.8/site-packages (from easymore) (5.1+computecanada)
Requirement already satisfied: geovoronoi in /home/calbano/easymore-env/lib/python3.8/site-packages (from easymore) (0.4.0+computecanada)
Requirement already satisfied: cftime in /home/calbano/easymore-env/lib/python3.8/site-packages (from easymore) (1.6.2+computecanada)
Requirement already satisfied: rtree in /home/calbano/easymore-env/lib/python3.8/site-packages (from easymore) (1.0.1+computecanada)
Requirement already satisfied: netCDF4 in /home/calbano/easymore-env/lib/python3.8/site-packages (from easymore) (1.5.8+computecanada)
Requirement already satisfied: shapely in /home/calbano/easymore-env/lib/python3.8/site-packages (from easymore) (2.0.1+computecanada)
Requirement already satisfied: pandas in /home/calbano/easymore-env/lib/python3.8/site-packages (from easymore) (1.5.3+computecanada)
Requirement already satisfied: geopandas in /home/calbano/easymore-env/lib/python3.8/site-packages (from easymore) (0.12.2+computecanada)
Requirement already satisfied: matplotlib in /home/calbano/easymore-env/lib/python3.8/site-packages (from easymore) (3.7.0+computecanada)
Requirement already satisfied: numpy in /home/calbano/easymore-env/lib/python3.8/site-packages (from easymore) (1.24.2+computecanada)
Requirement already satisfied: json5 in /home/calbano/easymore-env/lib/python3.8/site-packages (from easymore) (0.9.11+computecanada)
Requirement already satisfied: xarray in /home/calbano/easymore-env/lib/python3.8/site-packages (from easymore) (2022.6.0+computecanada)
Requirement already satisfied: zope.interface in /home/calbano/easymore-env/lib/python3.8/site-packages (from datetime->easymore) (5.4.0+computecanada)
Requirement already satisfied: pytz in /home/calbano/easymore-env/lib/python3.8/site-packages (from datetime->easymore) (2023.3+computecanada)
Requirement already satisfied: packaging in /home/calbano/easymore-env/lib/python3.8/site-packages (from geopandas->easymore) (23.1+computecanada)
Requirement already satisfied: fiona>=1.8 in /home/calbano/easymore-env/lib/python3.8/site-packages (from geopandas->easymore) (1.8.21+computecanada)
Requirement already satisfied: pyproj>=2.6.1.post1 in /home/calbano/easymore-env/lib/python3.8/site-packages (from geopandas->easymore) (3.3.0+computecanada)
Requirement already satisfied: python-dateutil>=2.8.1 in /home/calbano/easymore-env/lib/python3.8/site-packages (from pandas->easymore) (2.8.2+computecanada)
Requirement already satisfied: scipy>=1.5.0 in /home/calbano/easymore-env/lib/python3.8/site-packages (from geovoronoi->easymore) (1.10.1+computecanada)
Requirement already satisfied: importlib-resources>=3.2.0 in /home/calbano/easymore-env/lib/python3.8/site-packages (from matplotlib->easymore) (5.12.0+computecanada)
Requirement already satisfied: cycler>=0.10 in /home/calbano/easymore-env/lib/python3.8/site-packages (from matplotlib->easymore) (0.11.0+computecanada)
Requirement already satisfied: fonttools>=4.22.0 in /home/calbano/easymore-env/lib/python3.8/site-packages (from matplotlib->easymore) (4.40.0+computecanada)
Requirement already satisfied: pillow>=6.2.0 in /home/calbano/easymore-env/lib/python3.8/site-packages (from matplotlib->easymore) (9.5.0+computecanada)
Requirement already satisfied: pyparsing>=2.3.1 in /home/calbano/easymore-env/lib/python3.8/site-packages (from matplotlib->easymore) (3.1.0)
Requirement already satisfied: kiwisolver>=1.0.1 in /home/calbano/easymore-env/lib/python3.8/site-packages (from matplotlib->easymore) (1.4.4+computecanada)
Requirement already satisfied: contourpy>=1.0.1 in /home/calbano/easymore-env/lib/python3.8/site-packages (from matplotlib->easymore) (1.0.7+computecanada)
Requirement already satisfied: click-plugins>=1.0 in /home/calbano/easymore-env/lib/python3.8/site-packages (from fiona>=1.8->geopandas->easymore) (1.1.1+computecanada)
Requirement already satisfied: munch in /home/calbano/easymore-env/lib/python3.8/site-packages (from fiona>=1.8->geopandas->easymore) (2.5.0+computecanada)
Requirement already satisfied: click>=4.0 in /home/calbano/easymore-env/lib/python3.8/site-packages (from fiona>=1.8->geopandas->easymore) (8.1.3+computecanada)
Requirement already satisfied: attrs>=17 in /home/calbano/easymore-env/lib/python3.8/site-packages (from fiona>=1.8->geopandas->easymore) (23.1.0+computecanada)
Requirement already satisfied: six>=1.7 in /home/calbano/easymore-env/lib/python3.8/site-packages (from fiona>=1.8->geopandas->easymore) (1.16.0+computecanada)
Requirement already satisfied: setuptools in /home/calbano/easymore-env/lib/python3.8/site-packages (from fiona>=1.8->geopandas->easymore) (46.1.3)
Requirement already satisfied: certifi in /home/calbano/easymore-env/lib/python3.8/site-packages (from fiona>=1.8->geopandas->easymore) (2023.5.7)
Requirement already satisfied: cligj>=0.5 in /home/calbano/easymore-env/lib/python3.8/site-packages (from fiona>=1.8->geopandas->easymore) (0.7.2+computecanada)
Requirement already satisfied: zipp>=3.1.0 in /home/calbano/easymore-env/lib/python3.8/site-packages (from importlib-resources>=3.2.0->matplotlib->easymore) (3.15.0+computecanada)
EASYMORE version 1.0.0 is initiated.
no author name is provided. The author name is changed to (author name)!
EASYMORE is given multiple variables for remapping but only on format and fill value. EASYMORE repeats the format and fill value for all the variables in output files
EASYMORE will remap variable  RDRS_v2.1_A_PR0_SFC  from source file to variable  RDRS_v2.1_A_PR0_SFC  in remapped netCDF file
EASYMORE will remap variable  RDRS_v2.1_P_FI_SFC  from source file to variable  RDRS_v2.1_P_FI_SFC  in remapped netCDF file
EASYMORE will remap variable  RDRS_v2.1_P_FB_SFC  from source file to variable  RDRS_v2.1_P_FB_SFC  in remapped netCDF file
EASYMORE will remap variable  RDRS_v2.1_P_TT_09944  from source file to variable  RDRS_v2.1_P_TT_09944  in remapped netCDF file
EASYMORE will remap variable  RDRS_v2.1_P_UVC_09944  from source file to variable  RDRS_v2.1_P_UVC_09944  in remapped netCDF file
EASYMORE will remap variable  RDRS_v2.1_P_P0_SFC  from source file to variable  RDRS_v2.1_P_P0_SFC  in remapped netCDF file
EASYMORE will remap variable  RDRS_v2.1_P_HU_09944  from source file to variable  RDRS_v2.1_P_HU_09944  in remapped netCDF file
EASYMORE detects that the variables from the netCDF files are identicalin dimensions of the variables and latitude and longitude
EASYMORE detects that all the variables have dimensions of:
['time', 'rlat', 'rlon']
EASYMORE detects that the longitude variables has dimensions of:
['rlat', 'rlon']
EASYMORE detects that the latitude variables has dimensions of:
['rlat', 'rlon']
--CREATING-REMAPPING-FILE--
Started at date and time 2023-06-21 11:22:53.466682
EASYMORE detects that target shapefile is in WGS84 (epsg:4326)
EASYMORE detects that the field for ID is provided in sink/target shapefile
EASYMORE detects that either of the fields for latitude or longitude is not provided in sink/target shapefile
calculating centroid of shapes in WGS84 projection;
for better appximation use the easymore equal area centroid function to preprocess target shapefile
EASYMORE detects that no field for latitude is provided in sink/target shapefile
latitude values are added in the field lat_t
EASYMORE detects that no field for longitude is provided in sink/target shapefile
longitude values are added in the field lon_t
it seems everything is OK with the sink/target shapefile; added to EASYMORE object target_shp_gpd
EASYMORE saved target shapefile for EASYMORE claculation as:
/home/calbano/scratch/MESH-vector-simple-example/Model_Workflow/forcing/1980/temporaryBowAtLouise/RDRS_BowAtLouise_target_shapefile.shp
EASYMORE detects case 2 - rotated lat/lon
/home/calbano/scratch/MESH-vector-simple-example/Model_Workflow/forcing/1980/temporaryBowAtLouise/RDRS_BowAtLouise_source_shapefile.shp
EASYMORE created the shapefile from the netCDF file and saved it here:
EASMORE detects that target shapefile is inside the boundary of source netCDF file  and therefore correction for longitude values -180 to 180 or 0 to 360 is not performed even if  the correction_shp_lon flag is set to True [default is True]
Ended at date and time 2023-06-21 11:22:57.301289
It took 3.834607 seconds to finish creating of the remapping file
---------------------------
------REMAPPING------
['/home/calbano/scratch/MESH-vector-simple-example/Model_Workflow/forcing/1980/rdrsv2.1_1980-0112.nc']
netcdf output file will be compressed at level 4
Removing existing remapped .nc file.
/home/calbano/scratch/MESH-vector-simple-example/Model_Workflow/forcing/1980/rdrsv2.1_1980-0112.nc [cftime.DatetimeGregorian(1980, 1, 1, 13, 0, 0, 0, has_year_zero=False)
 cftime.DatetimeGregorian(1980, 1, 1, 14, 0, 0, 0, has_year_zero=False)
 cftime.DatetimeGregorian(1980, 1, 1, 15, 0, 0, 0, has_year_zero=False)
 ...
 cftime.DatetimeGregorian(1981, 1, 1, 10, 0, 0, 0, has_year_zero=False)
 cftime.DatetimeGregorian(1981, 1, 1, 11, 0, 0, 0, has_year_zero=False)
 cftime.DatetimeGregorian(1981, 1, 1, 12, 0, 0, 0, has_year_zero=False)] RDRS_v2.1_A_PR0_SFC -9999.00     Unnamed: 0.1  Unnamed: 0  S_1_COMID  ...  rows  cols  easymore_case
0              0          38   71029071  ...   5.0   6.0              2
1              1          37   71029071  ...   4.0   6.0              2
2              2          34   71029528  ...   5.0   5.0              2
3              3          35   71029528  ...   6.0   5.0              2
4              4          31   71029528  ...   5.0   6.0              2
5              5          30   71029528  ...   4.0   6.0              2
6              6          36   71029528  ...   6.0   6.0              2
7              7          28   71029778  ...   7.0   6.0              2
8              8          27   71029778  ...   6.0   6.0              2
9              9          19   71031893  ...   4.0   6.0              2
10            10          22   71031893  ...   4.0   5.0              2
11            11          24   71031893  ...   6.0   5.0              2
12            12          20   71031893  ...   5.0   6.0              2
13            13          23   71031893  ...   5.0   5.0              2
14            14          15   71032185  ...   6.0   6.0              2
15            15          16   71032185  ...   7.0   5.0              2
16            16          17   71032185  ...   7.0   6.0              2
17            17          14   71032185  ...   6.0   5.0              2
18            18           9   71032422  ...   6.0   6.0              2
19            19          10   71032422  ...   7.0   6.0              2
20            20          11   71032422  ...   7.0   7.0              2
21            21           3   71032440  ...   7.0   5.0              2
22            22           7   71032440  ...   8.0   6.0              2
23            23           5   71032440  ...   8.0   5.0              2
24            24           4   71032440  ...   7.0   6.0              2

[25 rows x 23 columns]
/home/calbano/scratch/MESH-vector-simple-example/Model_Workflow/forcing/1980/rdrsv2.1_1980-0112.nc [cftime.DatetimeGregorian(1980, 1, 1, 13, 0, 0, 0, has_year_zero=False)
 cftime.DatetimeGregorian(1980, 1, 1, 14, 0, 0, 0, has_year_zero=False)
 cftime.DatetimeGregorian(1980, 1, 1, 15, 0, 0, 0, has_year_zero=False)
 ...
 cftime.DatetimeGregorian(1981, 1, 1, 10, 0, 0, 0, has_year_zero=False)
 cftime.DatetimeGregorian(1981, 1, 1, 11, 0, 0, 0, has_year_zero=False)
 cftime.DatetimeGregorian(1981, 1, 1, 12, 0, 0, 0, has_year_zero=False)] RDRS_v2.1_P_FI_SFC -9999.00     Unnamed: 0.1  Unnamed: 0  S_1_COMID  ...  values  weight_rescaled  values_w
0              0          38   71029071  ...     0.0         0.066313       0.0
1              1          37   71029071  ...     0.0         0.933687       0.0
2              2          34   71029528  ...     0.0         0.021781       0.0
3              3          35   71029528  ...     0.0         0.052783       0.0
4              4          31   71029528  ...     0.0         0.593390       0.0
5              5          30   71029528  ...     0.0         0.011475       0.0
6              6          36   71029528  ...     0.0         0.320570       0.0
7              7          28   71029778  ...     0.0         0.165846       0.0
8              8          27   71029778  ...     0.0         0.834154       0.0
9              9          19   71031893  ...     0.0         0.197398       0.0
10            10          22   71031893  ...     0.0         0.073752       0.0
11            11          24   71031893  ...     0.0         0.169645       0.0
12            12          20   71031893  ...     0.0         0.089100       0.0
13            13          23   71031893  ...     0.0         0.470105       0.0
14            14          15   71032185  ...     0.0         0.128991       0.0
15            15          16   71032185  ...     0.0         0.291547       0.0
16            16          17   71032185  ...     0.0         0.016591       0.0
17            17          14   71032185  ...     0.0         0.562871       0.0
18            18           9   71032422  ...     0.0         0.003488       0.0
19            19          10   71032422  ...     0.0         0.883185       0.0
20            20          11   71032422  ...     0.0         0.113327       0.0
21            21           3   71032440  ...     0.0         0.556410       0.0
22            22           7   71032440  ...     0.0         0.012198       0.0
23            23           5   71032440  ...     0.0         0.166456       0.0
24            24           4   71032440  ...     0.0         0.264936       0.0

[25 rows x 26 columns]
/home/calbano/scratch/MESH-vector-simple-example/Model_Workflow/forcing/1980/rdrsv2.1_1980-0112.nc [cftime.DatetimeGregorian(1980, 1, 1, 13, 0, 0, 0, has_year_zero=False)
 cftime.DatetimeGregorian(1980, 1, 1, 14, 0, 0, 0, has_year_zero=False)
 cftime.DatetimeGregorian(1980, 1, 1, 15, 0, 0, 0, has_year_zero=False)
 ...
 cftime.DatetimeGregorian(1981, 1, 1, 10, 0, 0, 0, has_year_zero=False)
 cftime.DatetimeGregorian(1981, 1, 1, 11, 0, 0, 0, has_year_zero=False)
 cftime.DatetimeGregorian(1981, 1, 1, 12, 0, 0, 0, has_year_zero=False)] RDRS_v2.1_P_FB_SFC -9999.00     Unnamed: 0.1  Unnamed: 0  ...  weight_rescaled    values_w
0              0          38  ...         0.066313   12.206020
1              1          37  ...         0.933687  171.277289
2              2          34  ...         0.021781    3.897576
3              3          35  ...         0.052783    9.385731
4              4          31  ...         0.593390  109.223476
5              5          30  ...         0.011475    2.105038
6              6          36  ...         0.320570   57.363426
7              7          28  ...         0.165846   29.179335
8              8          27  ...         0.834154  149.264990
9              9          19  ...         0.197398   36.211078
10            10          22  ...         0.073752   13.114269
11            11          24  ...         0.169645   30.165726
12            12          20  ...         0.089100   16.400406
13            13          23  ...         0.470105   84.121495
14            14          15  ...         0.128991   23.081837
15            15          16  ...         0.291547   51.222407
16            16          17  ...         0.016591    2.919134
17            17          14  ...         0.562871  100.087955
18            18           9  ...         0.003488    0.624094
19            19          10  ...         0.883185  155.389209
20            20          11  ...         0.113327   19.797364
21            21           3  ...         0.556410   97.756696
22            22           7  ...         0.012198    2.152267
23            23           5  ...         0.166456   30.035670
24            24           4  ...         0.264936   46.613280

[25 rows x 26 columns]
/home/calbano/scratch/MESH-vector-simple-example/Model_Workflow/forcing/1980/rdrsv2.1_1980-0112.nc [cftime.DatetimeGregorian(1980, 1, 1, 13, 0, 0, 0, has_year_zero=False)
 cftime.DatetimeGregorian(1980, 1, 1, 14, 0, 0, 0, has_year_zero=False)
 cftime.DatetimeGregorian(1980, 1, 1, 15, 0, 0, 0, has_year_zero=False)
 ...
 cftime.DatetimeGregorian(1981, 1, 1, 10, 0, 0, 0, has_year_zero=False)
 cftime.DatetimeGregorian(1981, 1, 1, 11, 0, 0, 0, has_year_zero=False)
 cftime.DatetimeGregorian(1981, 1, 1, 12, 0, 0, 0, has_year_zero=False)] RDRS_v2.1_P_TT_09944 -9999.00     Unnamed: 0.1  Unnamed: 0  S_1_COMID  ...  values  weight_rescaled  values_w
0              0          38   71029071  ...     0.0         0.066313       0.0
1              1          37   71029071  ...     0.0         0.933687       0.0
2              2          34   71029528  ...     0.0         0.021781       0.0
3              3          35   71029528  ...     0.0         0.052783       0.0
4              4          31   71029528  ...     0.0         0.593390       0.0
5              5          30   71029528  ...     0.0         0.011475       0.0
6              6          36   71029528  ...     0.0         0.320570       0.0
7              7          28   71029778  ...     0.0         0.165846       0.0
8              8          27   71029778  ...     0.0         0.834154       0.0
9              9          19   71031893  ...     0.0         0.197398       0.0
10            10          22   71031893  ...     0.0         0.073752       0.0
11            11          24   71031893  ...     0.0         0.169645       0.0
12            12          20   71031893  ...     0.0         0.089100       0.0
13            13          23   71031893  ...     0.0         0.470105       0.0
14            14          15   71032185  ...     0.0         0.128991       0.0
15            15          16   71032185  ...     0.0         0.291547       0.0
16            16          17   71032185  ...     0.0         0.016591       0.0
17            17          14   71032185  ...     0.0         0.562871       0.0
18            18           9   71032422  ...     0.0         0.003488       0.0
19            19          10   71032422  ...     0.0         0.883185       0.0
20            20          11   71032422  ...     0.0         0.113327       0.0
21            21           3   71032440  ...     0.0         0.556410       0.0
22            22           7   71032440  ...     0.0         0.012198       0.0
23            23           5   71032440  ...     0.0         0.166456       0.0
24            24           4   71032440  ...     0.0         0.264936       0.0

[25 rows x 26 columns]
/home/calbano/scratch/MESH-vector-simple-example/Model_Workflow/forcing/1980/rdrsv2.1_1980-0112.nc [cftime.DatetimeGregorian(1980, 1, 1, 13, 0, 0, 0, has_year_zero=False)
 cftime.DatetimeGregorian(1980, 1, 1, 14, 0, 0, 0, has_year_zero=False)
 cftime.DatetimeGregorian(1980, 1, 1, 15, 0, 0, 0, has_year_zero=False)
 ...
 cftime.DatetimeGregorian(1981, 1, 1, 10, 0, 0, 0, has_year_zero=False)
 cftime.DatetimeGregorian(1981, 1, 1, 11, 0, 0, 0, has_year_zero=False)
 cftime.DatetimeGregorian(1981, 1, 1, 12, 0, 0, 0, has_year_zero=False)] RDRS_v2.1_P_UVC_09944 -9999.00     Unnamed: 0.1  Unnamed: 0  S_1_COMID  ...    values  weight_rescaled  values_w
0              0          38   71029071  ... -3.210526         0.066313 -0.212899
1              1          37   71029071  ... -2.952713         0.933687 -2.756910
2              2          34   71029528  ... -3.819901         0.021781 -0.083202
3              3          35   71029528  ... -1.905838         0.052783 -0.100596
4              4          31   71029528  ... -3.210526         0.593390 -1.905094
5              5          30   71029528  ... -2.952713         0.011475 -0.033883
6              6          36   71029528  ... -2.132401         0.320570 -0.683584
7              7          28   71029778  ... -2.948807         0.165846 -0.489049
8              8          27   71029778  ... -2.132401         0.834154 -1.778749
9              9          19   71031893  ... -2.952713         0.197398 -0.582860
10            10          22   71031893  ... -4.085526         0.073752 -0.301314
11            11          24   71031893  ... -1.905838         0.169645 -0.323316
12            12          20   71031893  ... -3.210526         0.089100 -0.286059
13            13          23   71031893  ... -3.819901         0.470105 -1.795755
14            14          15   71032185  ... -2.132401         0.128991 -0.275060
15            15          16   71032185  ... -2.630447         0.291547 -0.766899
16            16          17   71032185  ... -2.948807         0.016591 -0.048925
17            17          14   71032185  ... -1.905838         0.562871 -1.072741
18            18           9   71032422  ... -2.132401         0.003488 -0.007437
19            19          10   71032422  ... -2.948807         0.883185 -2.604342
20            20          11   71032422  ... -3.382401         0.113327 -0.383318
21            21           3   71032440  ... -2.630447         0.556410 -1.463607
22            22           7   71032440  ... -3.034744         0.012198 -0.037018
23            23           5   71032440  ... -3.067947         0.166456 -0.510679
24            24           4   71032440  ... -2.948807         0.264936 -0.781244

[25 rows x 26 columns]
/home/calbano/scratch/MESH-vector-simple-example/Model_Workflow/forcing/1980/rdrsv2.1_1980-0112.nc [cftime.DatetimeGregorian(1980, 1, 1, 13, 0, 0, 0, has_year_zero=False)
 cftime.DatetimeGregorian(1980, 1, 1, 14, 0, 0, 0, has_year_zero=False)
 cftime.DatetimeGregorian(1980, 1, 1, 15, 0, 0, 0, has_year_zero=False)
 ...
 cftime.DatetimeGregorian(1981, 1, 1, 10, 0, 0, 0, has_year_zero=False)
 cftime.DatetimeGregorian(1981, 1, 1, 11, 0, 0, 0, has_year_zero=False)
 cftime.DatetimeGregorian(1981, 1, 1, 12, 0, 0, 0, has_year_zero=False)] RDRS_v2.1_P_P0_SFC -9999.00     Unnamed: 0.1  Unnamed: 0  S_1_COMID  ...    values  weight_rescaled  values_w
0              0          38   71029071  ...  7.918400         0.066313  0.525093
1              1          37   71029071  ...  6.867996         0.933687  6.412559
2              2          34   71029528  ...  7.386620         0.021781  0.160890
3              3          35   71029528  ...  6.540502         0.052783  0.345228
4              4          31   71029528  ...  7.918400         0.593390  4.698701
5              5          30   71029528  ...  6.867996         0.011475  0.078812
6              6          36   71029528  ...  5.597662         0.320570  1.794444
7              7          28   71029778  ...  3.549238         0.165846  0.588629
8              8          27   71029778  ...  5.597662         0.834154  4.669310
9              9          19   71031893  ...  6.867996         0.197398  1.355729
10            10          22   71031893  ...  7.094876         0.073752  0.523258
11            11          24   71031893  ...  6.540502         0.169645  1.109563
12            12          20   71031893  ...  7.918400         0.089100  0.705532
13            13          23   71031893  ...  7.386620         0.470105  3.472488
14            14          15   71032185  ...  5.597662         0.128991  0.722046
15            15          16   71032185  ...  4.446335         0.291547  1.296315
16            16          17   71032185  ...  3.549238         0.016591  0.058887
17            17          14   71032185  ...  6.540502         0.562871  3.681459
18            18           9   71032422  ...  5.597662         0.003488  0.019523
19            19          10   71032422  ...  3.549238         0.883185  3.134634
20            20          11   71032422  ...  0.566692         0.113327  0.064222
21            21           3   71032440  ...  4.446335         0.556410  2.473985
22            22           7   71032440  ...  4.983568         0.012198  0.060790
23            23           5   71032440  ...  7.545545         0.166456  1.256003
24            24           4   71032440  ...  3.549238         0.264936  0.940320

[25 rows x 26 columns]
/home/calbano/scratch/MESH-vector-simple-example/Model_Workflow/forcing/1980/rdrsv2.1_1980-0112.nc [cftime.DatetimeGregorian(1980, 1, 1, 13, 0, 0, 0, has_year_zero=False)
 cftime.DatetimeGregorian(1980, 1, 1, 14, 0, 0, 0, has_year_zero=False)
 cftime.DatetimeGregorian(1980, 1, 1, 15, 0, 0, 0, has_year_zero=False)
 ...
 cftime.DatetimeGregorian(1981, 1, 1, 10, 0, 0, 0, has_year_zero=False)
 cftime.DatetimeGregorian(1981, 1, 1, 11, 0, 0, 0, has_year_zero=False)
 cftime.DatetimeGregorian(1981, 1, 1, 12, 0, 0, 0, has_year_zero=False)] RDRS_v2.1_P_HU_09944 -9999.00     Unnamed: 0.1  Unnamed: 0  ...  weight_rescaled    values_w
0              0          38  ...         0.066313   52.782315
1              1          37  ...         0.933687  746.042038
2              2          34  ...         0.021781   17.451127
3              3          35  ...         0.052783   41.623448
4              4          31  ...         0.593390  472.313474
5              5          30  ...         0.011475    9.169033
6              6          36  ...         0.320570  250.907722
7              7          28  ...         0.165846  127.842455
8              8          27  ...         0.834154  652.885317
9              9          19  ...         0.197398  157.726612
10            10          22  ...         0.073752   58.776284
11            11          24  ...         0.169645  133.777705
12            12          20  ...         0.089100   70.920033
13            13          23  ...         0.470105  376.648179
14            14          15  ...         0.128991  100.959996
15            15          16  ...         0.291547  226.002501
16            16          17  ...         0.016591   12.789504
17            17          14  ...         0.562871  443.865897
18            18           9  ...         0.003488    2.729790
19            19          10  ...         0.883185  680.801600
20            20          11  ...         0.113327   86.858835
21            21           3  ...         0.556410  431.320181
22            22           7  ...         0.012198    9.383876
23            23           5  ...         0.166456  129.283915
24            24           4  ...         0.264936  204.225222

[25 rows x 26 columns]
Remapping /home/calbano/scratch/MESH-vector-simple-example/Model_Workflow/forcing/1980/rdrsv2.1_1980-0112.nc to /home/calbano/scratch/MESH-vector-simple-example/Model_Workflow/forcing/RDRS_BowAtLouise_remapped_1980-01-01-13-00-00.nc 
Started at date and time 2023-06-21 11:22:57.371528 
Ended at date and time 2023-06-21 11:30:15.591707 
It took 438.220179 seconds to finish the remapping of variable(s) 
---------------------
---------------------
